<?xml version="1.0" encoding="UTF-8"?>
<testsuite name="TicTacToeTest" tests="1" skipped="0" failures="1" errors="0" timestamp="2020-09-22T12:06:54" hostname="pozard-Lenovo-Y510P" time="71.446">
  <properties/>
  <testcase name="start" classname="TicTacToeTest" time="71.446">
    <failure message="java.lang.AssertionError: Error in test #6&#10;&#10;In this test, the program is running for a long time, more than 15 seconds. Most likely, the program has gone into an infinite loop.&#10;&#10;Please find below the output of your program during this failed test.&#10;Note that the '&gt;' character indicates the beginning of the input line.&#10;&#10;---&#10;&#10;Input command: &#10;&gt; start hard user&#10;---------&#10;|       |&#10;|       |&#10;|       |&#10;---------&#10;Score for position 1 = 0&#10;Score for position 2 = 0&#10;Score for position 3 = 0&#10;Score for position 4 = 0&#10;Score for position 5 = 0&#10;Score for position 6 = 0&#10;Score for position 7 = 0&#10;Score for position 8 = 0&#10;Score for position 9 = 0&#10;---------&#10;|       |&#10;|       |&#10;|     X |&#10;---------&#10;Enter the coordinates: &gt; 4 5&#10;Coordinates should be from 1 to 3!&#10;Enter the coordinates: &gt; 2 3&#10;---------&#10;|   O   |&#10;|       |&#10;|     X |&#10;---------&#10;Score for position 1 = 0&#10;Score for position 2 = 10&#10;---------&#10;|   O X |&#10;|       |&#10;|     X |&#10;---------&#10;Enter the coordinates: &gt; 3 1&#10;This cell is occupied! Choose another one!&#10;Enter the coordinates: &gt; 3 2&#10;---------&#10;|   O X |&#10;|     O |&#10;|     X |&#10;---------&#10;Score for position 1 = -10&#10;Score for position 2 = 0&#10;Score for position 3 = 10&#10;---------&#10;|   O X |&#10;|   X O |&#10;|     X |&#10;---------&#10;Enter the coordinates: &gt; 3 3&#10;This cell is occupied! Choose another one!&#10;Enter the coordinates: &gt; 1 1&#10;---------&#10;|   O X |&#10;|   X O |&#10;| O   X |&#10;---------&#10;Score for position 1 = 10&#10;---------&#10;| X O X |&#10;|   X O |&#10;| O   X |&#10;---------&#10;X wins&#10;Input command: &#10;&gt; 1 2&#10;Bad parameters!&#10;Input command: &#10;&gt; 1 3&#10;Bad parameters!&#10;Input command: &#10;&gt; 2 1&#10;Bad parameters!&#10;Input command: &#10;&gt; 2 2&#10;Bad parameters!&#10;Input command: &#10;&gt; 4 5&#10;Bad parameters!&#10;Input command: &#10;&gt; 2 3&#10;Bad parameters!&#10;Input command: &#10;&gt; 3 1&#10;Bad parameters!&#10;Input command: &#10;&gt; 3 2&#10;Bad parameters!&#10;Input command: &#10;&gt; 3 3&#10;Bad parameters!&#10;Input command: &#10;&gt; 1 1&#10;Bad parameters!&#10;Input command: &#10;&gt; 1 2&#10;Bad parameters!&#10;Input command: &#10;&gt; 1 3&#10;Bad parameters!&#10;Input command: &#10;&gt; 2 1&#10;Bad parameters!&#10;Input command: &#10;&gt; 2 2&#10;Bad parameters!&#10;Input command: &#10;&gt; 4 5&#10;Bad parameters!&#10;Input command: &#10;&gt; 2 3&#10;Bad parameters!&#10;Input command: &#10;&gt; 3 1&#10;Bad parameters!&#10;Input command: &#10;&gt; 3 2&#10;Bad parameters!&#10;Input command: &#10;&gt; 3 3&#10;Bad parameters!&#10;Input command: &#10;&gt; 1 1&#10;Bad parameters!&#10;Input command: &#10;&gt; 1 2&#10;Bad parameters!&#10;Input command: &#10;&gt; 1 3&#10;Bad parameters!&#10;Input command: &#10;&gt; 2 1&#10;Bad parameters!&#10;Input command: &#10;&gt; 2 2&#10;Bad parameters!&#10;Input command: &#10;&gt; 4 5&#10;Bad parameters!&#10;Input command: &#10;&gt; 2 3&#10;Bad parameters!&#10;Input command: &#10;&gt; 3 1&#10;Bad parameters!&#10;Input command: &#10;&gt; 3 2&#10;Bad parameters!&#10;Input command: &#10;&gt; 3 3&#10;Bad parameters!&#10;Input command: &#10;&gt; 1 1&#10;Bad parameters!&#10;Input command: &#10;&gt; 1 2&#10;Bad parameters!&#10;Input command: &#10;&gt; 1 3&#10;Bad parameters!&#10;Input command: &#10;&gt; 2 1&#10;Bad parameters!&#10;Input command: &#10;&gt; 2 2&#10;Bad parameters!&#10;Input command: &#10;&gt; 4 5&#10;Bad parameters!&#10;Input command: &#10;&gt; 2 3&#10;Bad parameters!&#10;Input command: &#10;&gt; 3 1&#10;Bad parameters!&#10;Input command: &#10;&gt; 3 2&#10;Bad parameters!&#10;Input command: &#10;&gt; 3 3&#10;Bad parameters!&#10;Input command: &#10;&gt; 1 1&#10;Bad parameters!&#10;Input command: &#10;&gt; 1 2&#10;Bad parameters!&#10;Input command: &#10;&gt; 1 3&#10;Bad parameters!&#10;Input command: &#10;&gt; 2 1&#10;Bad parameters!&#10;Input command: &#10;&gt; 2 2&#10;Bad parameters!&#10;Input command: &#10;&gt; 4 5&#10;Bad parameters!&#10;Input command: &#10;&gt; 2 3&#10;Bad parameters!&#10;Input command: &#10;&gt; 3 1&#10;Bad parameters!&#10;Input command: &#10;&gt; 3 2&#10;Bad parameters!&#10;Input command: &#10;&gt; 3 3&#10;Bad parameters!&#10;Input command: &#10;&gt; 1 1&#10;Bad parameters!&#10;Input command: &#10;&gt; 1 2&#10;Bad parameters!&#10;Input command: &#10;&gt; 1 3&#10;Bad parameters!&#10;Input command: &#10;&gt; 2 1&#10;Bad parameters!&#10;Input command: &#10;&gt; 2 2&#10;Bad parameters!&#10;Input command: &#10;&gt; 4 5&#10;Bad parameters!&#10;Input command: &#10;&gt; 2 3&#10;Bad parameters!&#10;Input command: &#10;&gt; 3 1&#10;Bad parameters!&#10;Input command: &#10;&gt; 3 2&#10;Bad parameters!&#10;Input command: &#10;&gt; 3 3&#10;Bad parameters!&#10;Input command: &#10;&gt; 1 1&#10;Bad parameters!&#10;Input command: &#10;&gt; 1 2&#10;Bad parameters!&#10;Input command: &#10;&gt; 1 3&#10;Bad parameters!&#10;Input command: &#10;&gt; 2 1&#10;Bad parameters!&#10;Input command: &#10;&gt; 2 2&#10;Bad parameters!&#10;Input command: &#10;&gt; 4 5&#10;Bad parameters!&#10;Input command: &#10;&gt; 2 3&#10;Bad parameters!&#10;Input command: &#10;&gt; 3 1&#10;Bad parameters!&#10;Input command: &#10;&gt; 3 2&#10;Bad parameters!&#10;Input command: &#10;&gt; 3 3&#10;Bad parameters!&#10;Input command: &#10;&gt; 1 1&#10;Bad parameters!&#10;Input command: &#10;&gt; 1 2&#10;Bad parameters!&#10;Input command: &#10;&gt; 1 3&#10;Bad parameters!&#10;Input command: &#10;&gt; 2 1&#10;Bad parameters!&#10;Input command: &#10;&gt; 2 2&#10;Bad parameters!&#10;Input command: &#10;&gt; 4 5&#10;Bad parameters!&#10;Input command: &#10;&gt; 2 3&#10;Bad parameters!&#10;Input command: &#10;&gt; 3 1&#10;Bad parameters!&#10;Input command: &#10;&gt; 3 2&#10;Bad parameters!&#10;Input command: &#10;&gt; 3 3&#10;Bad parameters!&#10;Input command: &#10;&gt; 1 1&#10;Bad parameters!&#10;Input command: &#10;&gt; 1 2&#10;Bad parameters!&#10;Input command: &#10;&gt; 1 3&#10;Bad parameters!&#10;Input command: &#10;&gt; 2 1&#10;Bad parameters!&#10;Input command: &#10;&gt; 2 2&#10;Bad parameters!&#10;Input command: &#10;&gt; exit" type="java.lang.AssertionError">java.lang.AssertionError: Error in test #6

In this test, the program is running for a long time, more than 15 seconds. Most likely, the program has gone into an infinite loop.

Please find below the output of your program during this failed test.
Note that the '&gt;' character indicates the beginning of the input line.

---

Input command: 
&gt; start hard user
---------
|       |
|       |
|       |
---------
Score for position 1 = 0
Score for position 2 = 0
Score for position 3 = 0
Score for position 4 = 0
Score for position 5 = 0
Score for position 6 = 0
Score for position 7 = 0
Score for position 8 = 0
Score for position 9 = 0
---------
|       |
|       |
|     X |
---------
Enter the coordinates: &gt; 4 5
Coordinates should be from 1 to 3!
Enter the coordinates: &gt; 2 3
---------
|   O   |
|       |
|     X |
---------
Score for position 1 = 0
Score for position 2 = 10
---------
|   O X |
|       |
|     X |
---------
Enter the coordinates: &gt; 3 1
This cell is occupied! Choose another one!
Enter the coordinates: &gt; 3 2
---------
|   O X |
|     O |
|     X |
---------
Score for position 1 = -10
Score for position 2 = 0
Score for position 3 = 10
---------
|   O X |
|   X O |
|     X |
---------
Enter the coordinates: &gt; 3 3
This cell is occupied! Choose another one!
Enter the coordinates: &gt; 1 1
---------
|   O X |
|   X O |
| O   X |
---------
Score for position 1 = 10
---------
| X O X |
|   X O |
| O   X |
---------
X wins
Input command: 
&gt; 1 2
Bad parameters!
Input command: 
&gt; 1 3
Bad parameters!
Input command: 
&gt; 2 1
Bad parameters!
Input command: 
&gt; 2 2
Bad parameters!
Input command: 
&gt; 4 5
Bad parameters!
Input command: 
&gt; 2 3
Bad parameters!
Input command: 
&gt; 3 1
Bad parameters!
Input command: 
&gt; 3 2
Bad parameters!
Input command: 
&gt; 3 3
Bad parameters!
Input command: 
&gt; 1 1
Bad parameters!
Input command: 
&gt; 1 2
Bad parameters!
Input command: 
&gt; 1 3
Bad parameters!
Input command: 
&gt; 2 1
Bad parameters!
Input command: 
&gt; 2 2
Bad parameters!
Input command: 
&gt; 4 5
Bad parameters!
Input command: 
&gt; 2 3
Bad parameters!
Input command: 
&gt; 3 1
Bad parameters!
Input command: 
&gt; 3 2
Bad parameters!
Input command: 
&gt; 3 3
Bad parameters!
Input command: 
&gt; 1 1
Bad parameters!
Input command: 
&gt; 1 2
Bad parameters!
Input command: 
&gt; 1 3
Bad parameters!
Input command: 
&gt; 2 1
Bad parameters!
Input command: 
&gt; 2 2
Bad parameters!
Input command: 
&gt; 4 5
Bad parameters!
Input command: 
&gt; 2 3
Bad parameters!
Input command: 
&gt; 3 1
Bad parameters!
Input command: 
&gt; 3 2
Bad parameters!
Input command: 
&gt; 3 3
Bad parameters!
Input command: 
&gt; 1 1
Bad parameters!
Input command: 
&gt; 1 2
Bad parameters!
Input command: 
&gt; 1 3
Bad parameters!
Input command: 
&gt; 2 1
Bad parameters!
Input command: 
&gt; 2 2
Bad parameters!
Input command: 
&gt; 4 5
Bad parameters!
Input command: 
&gt; 2 3
Bad parameters!
Input command: 
&gt; 3 1
Bad parameters!
Input command: 
&gt; 3 2
Bad parameters!
Input command: 
&gt; 3 3
Bad parameters!
Input command: 
&gt; 1 1
Bad parameters!
Input command: 
&gt; 1 2
Bad parameters!
Input command: 
&gt; 1 3
Bad parameters!
Input command: 
&gt; 2 1
Bad parameters!
Input command: 
&gt; 2 2
Bad parameters!
Input command: 
&gt; 4 5
Bad parameters!
Input command: 
&gt; 2 3
Bad parameters!
Input command: 
&gt; 3 1
Bad parameters!
Input command: 
&gt; 3 2
Bad parameters!
Input command: 
&gt; 3 3
Bad parameters!
Input command: 
&gt; 1 1
Bad parameters!
Input command: 
&gt; 1 2
Bad parameters!
Input command: 
&gt; 1 3
Bad parameters!
Input command: 
&gt; 2 1
Bad parameters!
Input command: 
&gt; 2 2
Bad parameters!
Input command: 
&gt; 4 5
Bad parameters!
Input command: 
&gt; 2 3
Bad parameters!
Input command: 
&gt; 3 1
Bad parameters!
Input command: 
&gt; 3 2
Bad parameters!
Input command: 
&gt; 3 3
Bad parameters!
Input command: 
&gt; 1 1
Bad parameters!
Input command: 
&gt; 1 2
Bad parameters!
Input command: 
&gt; 1 3
Bad parameters!
Input command: 
&gt; 2 1
Bad parameters!
Input command: 
&gt; 2 2
Bad parameters!
Input command: 
&gt; 4 5
Bad parameters!
Input command: 
&gt; 2 3
Bad parameters!
Input command: 
&gt; 3 1
Bad parameters!
Input command: 
&gt; 3 2
Bad parameters!
Input command: 
&gt; 3 3
Bad parameters!
Input command: 
&gt; 1 1
Bad parameters!
Input command: 
&gt; 1 2
Bad parameters!
Input command: 
&gt; 1 3
Bad parameters!
Input command: 
&gt; 2 1
Bad parameters!
Input command: 
&gt; 2 2
Bad parameters!
Input command: 
&gt; 4 5
Bad parameters!
Input command: 
&gt; 2 3
Bad parameters!
Input command: 
&gt; 3 1
Bad parameters!
Input command: 
&gt; 3 2
Bad parameters!
Input command: 
&gt; 3 3
Bad parameters!
Input command: 
&gt; 1 1
Bad parameters!
Input command: 
&gt; 1 2
Bad parameters!
Input command: 
&gt; 1 3
Bad parameters!
Input command: 
&gt; 2 1
Bad parameters!
Input command: 
&gt; 2 2
Bad parameters!
Input command: 
&gt; exit
	at org.junit.Assert.fail(Assert.java:88)
	at org.hyperskill.hstest.stage.StageTest.start(StageTest.java:103)
	at java.base/jdk.internal.reflect.NativeMethodAccessorImpl.invoke0(Native Method)
	at java.base/jdk.internal.reflect.NativeMethodAccessorImpl.invoke(NativeMethodAccessorImpl.java:62)
	at java.base/jdk.internal.reflect.DelegatingMethodAccessorImpl.invoke(DelegatingMethodAccessorImpl.java:43)
	at java.base/java.lang.reflect.Method.invoke(Method.java:566)
	at org.junit.runners.model.FrameworkMethod$1.runReflectiveCall(FrameworkMethod.java:50)
	at org.junit.internal.runners.model.ReflectiveCallable.run(ReflectiveCallable.java:12)
	at org.junit.runners.model.FrameworkMethod.invokeExplosively(FrameworkMethod.java:47)
	at org.junit.internal.runners.statements.InvokeMethod.evaluate(InvokeMethod.java:17)
	at org.junit.runners.ParentRunner.runLeaf(ParentRunner.java:325)
	at org.junit.runners.BlockJUnit4ClassRunner.runChild(BlockJUnit4ClassRunner.java:78)
	at org.junit.runners.BlockJUnit4ClassRunner.runChild(BlockJUnit4ClassRunner.java:57)
	at org.junit.runners.ParentRunner$3.run(ParentRunner.java:290)
	at org.junit.runners.ParentRunner$1.schedule(ParentRunner.java:71)
	at org.junit.runners.ParentRunner.runChildren(ParentRunner.java:288)
	at org.junit.runners.ParentRunner.access$000(ParentRunner.java:58)
	at org.junit.runners.ParentRunner$2.evaluate(ParentRunner.java:268)
	at org.junit.runners.ParentRunner.run(ParentRunner.java:363)
	at org.gradle.api.internal.tasks.testing.junit.JUnitTestClassExecutor.runTestClass(JUnitTestClassExecutor.java:110)
	at org.gradle.api.internal.tasks.testing.junit.JUnitTestClassExecutor.execute(JUnitTestClassExecutor.java:58)
	at org.gradle.api.internal.tasks.testing.junit.JUnitTestClassExecutor.execute(JUnitTestClassExecutor.java:38)
	at org.gradle.api.internal.tasks.testing.junit.AbstractJUnitTestClassProcessor.processTestClass(AbstractJUnitTestClassProcessor.java:62)
	at org.gradle.api.internal.tasks.testing.SuiteTestClassProcessor.processTestClass(SuiteTestClassProcessor.java:51)
	at java.base/jdk.internal.reflect.NativeMethodAccessorImpl.invoke0(Native Method)
	at java.base/jdk.internal.reflect.NativeMethodAccessorImpl.invoke(NativeMethodAccessorImpl.java:62)
	at java.base/jdk.internal.reflect.DelegatingMethodAccessorImpl.invoke(DelegatingMethodAccessorImpl.java:43)
	at java.base/java.lang.reflect.Method.invoke(Method.java:566)
	at org.gradle.internal.dispatch.ReflectionDispatch.dispatch(ReflectionDispatch.java:36)
	at org.gradle.internal.dispatch.ReflectionDispatch.dispatch(ReflectionDispatch.java:24)
	at org.gradle.internal.dispatch.ContextClassLoaderDispatch.dispatch(ContextClassLoaderDispatch.java:33)
	at org.gradle.internal.dispatch.ProxyDispatchAdapter$DispatchingInvocationHandler.invoke(ProxyDispatchAdapter.java:94)
	at com.sun.proxy.$Proxy2.processTestClass(Unknown Source)
	at org.gradle.api.internal.tasks.testing.worker.TestWorker.processTestClass(TestWorker.java:119)
	at java.base/jdk.internal.reflect.NativeMethodAccessorImpl.invoke0(Native Method)
	at java.base/jdk.internal.reflect.NativeMethodAccessorImpl.invoke(NativeMethodAccessorImpl.java:62)
	at java.base/jdk.internal.reflect.DelegatingMethodAccessorImpl.invoke(DelegatingMethodAccessorImpl.java:43)
	at java.base/java.lang.reflect.Method.invoke(Method.java:566)
	at org.gradle.internal.dispatch.ReflectionDispatch.dispatch(ReflectionDispatch.java:36)
	at org.gradle.internal.dispatch.ReflectionDispatch.dispatch(ReflectionDispatch.java:24)
	at org.gradle.internal.remote.internal.hub.MessageHubBackedObjectConnection$DispatchWrapper.dispatch(MessageHubBackedObjectConnection.java:182)
	at org.gradle.internal.remote.internal.hub.MessageHubBackedObjectConnection$DispatchWrapper.dispatch(MessageHubBackedObjectConnection.java:164)
	at org.gradle.internal.remote.internal.hub.MessageHub$Handler.run(MessageHub.java:414)
	at org.gradle.internal.concurrent.ExecutorPolicy$CatchAndRecordFailures.onExecute(ExecutorPolicy.java:64)
	at org.gradle.internal.concurrent.ManagedExecutorImpl$1.run(ManagedExecutorImpl.java:48)
	at java.base/java.util.concurrent.ThreadPoolExecutor.runWorker(ThreadPoolExecutor.java:1128)
	at java.base/java.util.concurrent.ThreadPoolExecutor$Worker.run(ThreadPoolExecutor.java:628)
	at org.gradle.internal.concurrent.ThreadFactoryImpl$ManagedThreadRunnable.run(ThreadFactoryImpl.java:56)
	at java.base/java.lang.Thread.run(Thread.java:834)
</failure>
  </testcase>
  <system-out><![CDATA[?[1;31m
Start test 1?[0m
Input command: 
> start user easy
---------
|       |
|       |
|       |
---------
Enter the coordinates: > 1 1
---------
|       |
|       |
| X     |
---------
Making move level "easy"
---------
|     O |
|       |
| X     |
---------
Enter the coordinates: > 1 2
---------
|     O |
| X     |
| X     |
---------
Making move level "easy"
---------
|   O O |
| X     |
| X     |
---------
Enter the coordinates: > 1 3
---------
| X O O |
| X     |
| X     |
---------
X wins
Input command: 
> 2 1
Bad parameters!
Input command: 
> 2 2
Bad parameters!
Input command: 
> 2 3
Bad parameters!
Input command: 
> 3 1
Bad parameters!
Input command: 
> 3 2
Bad parameters!
Input command: 
> 3 3
Bad parameters!
Input command: 
> 1 1
Bad parameters!
Input command: 
> 1 2
Bad parameters!
Input command: 
> 1 3
Bad parameters!
Input command: 
> 2 1
Bad parameters!
Input command: 
> 2 2
Bad parameters!
Input command: 
> 2 3
Bad parameters!
Input command: 
> 3 1
Bad parameters!
Input command: 
> 3 2
Bad parameters!
Input command: 
> 3 3
Bad parameters!
Input command: 
> 1 1
Bad parameters!
Input command: 
> 1 2
Bad parameters!
Input command: 
> 1 3
Bad parameters!
Input command: 
> 2 1
Bad parameters!
Input command: 
> 2 2
Bad parameters!
Input command: 
> 2 3
Bad parameters!
Input command: 
> 3 1
Bad parameters!
Input command: 
> 3 2
Bad parameters!
Input command: 
> 3 3
Bad parameters!
Input command: 
> 1 1
Bad parameters!
Input command: 
> 1 2
Bad parameters!
Input command: 
> 1 3
Bad parameters!
Input command: 
> 2 1
Bad parameters!
Input command: 
> 2 2
Bad parameters!
Input command: 
> 2 3
Bad parameters!
Input command: 
> 3 1
Bad parameters!
Input command: 
> 3 2
Bad parameters!
Input command: 
> 3 3
Bad parameters!
Input command: 
> 1 1
Bad parameters!
Input command: 
> 1 2
Bad parameters!
Input command: 
> 1 3
Bad parameters!
Input command: 
> 2 1
Bad parameters!
Input command: 
> 2 2
Bad parameters!
Input command: 
> 2 3
Bad parameters!
Input command: 
> 3 1
Bad parameters!
Input command: 
> 3 2
Bad parameters!
Input command: 
> 3 3
Bad parameters!
Input command: 
> 1 1
Bad parameters!
Input command: 
> 1 2
Bad parameters!
Input command: 
> 1 3
Bad parameters!
Input command: 
> 2 1
Bad parameters!
Input command: 
> 2 2
Bad parameters!
Input command: 
> 2 3
Bad parameters!
Input command: 
> 3 1
Bad parameters!
Input command: 
> 3 2
Bad parameters!
Input command: 
> 3 3
Bad parameters!
Input command: 
> 1 1
Bad parameters!
Input command: 
> 1 2
Bad parameters!
Input command: 
> 1 3
Bad parameters!
Input command: 
> 2 1
Bad parameters!
Input command: 
> 2 2
Bad parameters!
Input command: 
> 2 3
Bad parameters!
Input command: 
> 3 1
Bad parameters!
Input command: 
> 3 2
Bad parameters!
Input command: 
> 3 3
Bad parameters!
Input command: 
> 1 1
Bad parameters!
Input command: 
> 1 2
Bad parameters!
Input command: 
> 1 3
Bad parameters!
Input command: 
> 2 1
Bad parameters!
Input command: 
> 2 2
Bad parameters!
Input command: 
> 2 3
Bad parameters!
Input command: 
> 3 1
Bad parameters!
Input command: 
> 3 2
Bad parameters!
Input command: 
> 3 3
Bad parameters!
Input command: 
> 1 1
Bad parameters!
Input command: 
> 1 2
Bad parameters!
Input command: 
> 1 3
Bad parameters!
Input command: 
> 2 1
Bad parameters!
Input command: 
> 2 2
Bad parameters!
Input command: 
> 2 3
Bad parameters!
Input command: 
> 3 1
Bad parameters!
Input command: 
> 3 2
Bad parameters!
Input command: 
> 3 3
Bad parameters!
Input command: 
> exit
?[1;31m
Start test 2?[0m
Input command: 
> start easy user
---------
|       |
|       |
|       |
---------
Making move level "easy"
---------
|       |
|       |
|     X |
---------
Enter the coordinates: > 4 1
Coordinates should be from 1 to 3!
Enter the coordinates: > 1 2
---------
|       |
| O     |
|     X |
---------
Making move level "easy"
---------
|       |
| O   X |
|     X |
---------
Enter the coordinates: > 1 3
---------
| O     |
| O   X |
|     X |
---------
Making move level "easy"
---------
| O     |
| O X X |
|     X |
---------
Enter the coordinates: > 2 1
---------
| O     |
| O X X |
|   O X |
---------
Making move level "easy"
---------
| O     |
| O X X |
| X O X |
---------
Enter the coordinates: > 2 2
This cell is occupied! Choose another one!
Enter the coordinates: > 2 3
---------
| O O   |
| O X X |
| X O X |
---------
Making move level "easy"
---------
| O O X |
| O X X |
| X O X |
---------
X wins
Input command: 
> 3 1
Bad parameters!
Input command: 
> 3 2
Bad parameters!
Input command: 
> 3 3
Bad parameters!
Input command: 
> 1 1
Bad parameters!
Input command: 
> 4 1
Bad parameters!
Input command: 
> 1 2
Bad parameters!
Input command: 
> 1 3
Bad parameters!
Input command: 
> 2 1
Bad parameters!
Input command: 
> 2 2
Bad parameters!
Input command: 
> 2 3
Bad parameters!
Input command: 
> 3 1
Bad parameters!
Input command: 
> 3 2
Bad parameters!
Input command: 
> 3 3
Bad parameters!
Input command: 
> 1 1
Bad parameters!
Input command: 
> 4 1
Bad parameters!
Input command: 
> 1 2
Bad parameters!
Input command: 
> 1 3
Bad parameters!
Input command: 
> 2 1
Bad parameters!
Input command: 
> 2 2
Bad parameters!
Input command: 
> 2 3
Bad parameters!
Input command: 
> 3 1
Bad parameters!
Input command: 
> 3 2
Bad parameters!
Input command: 
> 3 3
Bad parameters!
Input command: 
> 1 1
Bad parameters!
Input command: 
> 4 1
Bad parameters!
Input command: 
> 1 2
Bad parameters!
Input command: 
> 1 3
Bad parameters!
Input command: 
> 2 1
Bad parameters!
Input command: 
> 2 2
Bad parameters!
Input command: 
> 2 3
Bad parameters!
Input command: 
> 3 1
Bad parameters!
Input command: 
> 3 2
Bad parameters!
Input command: 
> 3 3
Bad parameters!
Input command: 
> 1 1
Bad parameters!
Input command: 
> 4 1
Bad parameters!
Input command: 
> 1 2
Bad parameters!
Input command: 
> 1 3
Bad parameters!
Input command: 
> 2 1
Bad parameters!
Input command: 
> 2 2
Bad parameters!
Input command: 
> 2 3
Bad parameters!
Input command: 
> 3 1
Bad parameters!
Input command: 
> 3 2
Bad parameters!
Input command: 
> 3 3
Bad parameters!
Input command: 
> 1 1
Bad parameters!
Input command: 
> 4 1
Bad parameters!
Input command: 
> 1 2
Bad parameters!
Input command: 
> 1 3
Bad parameters!
Input command: 
> 2 1
Bad parameters!
Input command: 
> 2 2
Bad parameters!
Input command: 
> 2 3
Bad parameters!
Input command: 
> 3 1
Bad parameters!
Input command: 
> 3 2
Bad parameters!
Input command: 
> 3 3
Bad parameters!
Input command: 
> 1 1
Bad parameters!
Input command: 
> 4 1
Bad parameters!
Input command: 
> 1 2
Bad parameters!
Input command: 
> 1 3
Bad parameters!
Input command: 
> 2 1
Bad parameters!
Input command: 
> 2 2
Bad parameters!
Input command: 
> 2 3
Bad parameters!
Input command: 
> 3 1
Bad parameters!
Input command: 
> 3 2
Bad parameters!
Input command: 
> 3 3
Bad parameters!
Input command: 
> 1 1
Bad parameters!
Input command: 
> 4 1
Bad parameters!
Input command: 
> 1 2
Bad parameters!
Input command: 
> 1 3
Bad parameters!
Input command: 
> 2 1
Bad parameters!
Input command: 
> 2 2
Bad parameters!
Input command: 
> 2 3
Bad parameters!
Input command: 
> 3 1
Bad parameters!
Input command: 
> 3 2
Bad parameters!
Input command: 
> 3 3
Bad parameters!
Input command: 
> 1 1
Bad parameters!
Input command: 
> 4 1
Bad parameters!
Input command: 
> 1 2
Bad parameters!
Input command: 
> 1 3
Bad parameters!
Input command: 
> 2 1
Bad parameters!
Input command: 
> 2 2
Bad parameters!
Input command: 
> 2 3
Bad parameters!
Input command: 
> 3 1
Bad parameters!
Input command: 
> 3 2
Bad parameters!
Input command: 
> 3 3
Bad parameters!
Input command: 
> 1 1
Bad parameters!
Input command: 
> exit
?[1;31m
Start test 3?[0m
Input command: 
> start user medium
---------
|       |
|       |
|       |
---------
Enter the coordinates: > 1 3
---------
| X     |
|       |
|       |
---------
Making move level "medium"
---------
| X     |
|       |
| O     |
---------
Enter the coordinates: > 2 1
---------
| X     |
|       |
| O X   |
---------
Making move level "medium"
---------
| X O   |
|       |
| O X   |
---------
Enter the coordinates: > 2 2
---------
| X O   |
|   X   |
| O X   |
---------
Making move level "medium"
---------
| X O   |
|   X   |
| O X O |
---------
Enter the coordinates: > 2 3
This cell is occupied! Choose another one!
Enter the coordinates: > 3 1
This cell is occupied! Choose another one!
Enter the coordinates: > 3 2
---------
| X O   |
|   X X |
| O X O |
---------
Making move level "medium"
---------
| X O   |
| O X X |
| O X O |
---------
Enter the coordinates: > 3 3
---------
| X O X |
| O X X |
| O X O |
---------
Draw
Input command: 
> 1 1
Bad parameters!
Input command: 
> 1 2
Bad parameters!
Input command: 
> 1 3
Bad parameters!
Input command: 
> 2 1
Bad parameters!
Input command: 
> 2 2
Bad parameters!
Input command: 
> 2 3
Bad parameters!
Input command: 
> 3 1
Bad parameters!
Input command: 
> 3 2
Bad parameters!
Input command: 
> 3 3
Bad parameters!
Input command: 
> 1 1
Bad parameters!
Input command: 
> 1 2
Bad parameters!
Input command: 
> 1 3
Bad parameters!
Input command: 
> 2 1
Bad parameters!
Input command: 
> 2 2
Bad parameters!
Input command: 
> 2 3
Bad parameters!
Input command: 
> 3 1
Bad parameters!
Input command: 
> 3 2
Bad parameters!
Input command: 
> 3 3
Bad parameters!
Input command: 
> 1 1
Bad parameters!
Input command: 
> 1 2
Bad parameters!
Input command: 
> 1 3
Bad parameters!
Input command: 
> 2 1
Bad parameters!
Input command: 
> 2 2
Bad parameters!
Input command: 
> 2 3
Bad parameters!
Input command: 
> 3 1
Bad parameters!
Input command: 
> 3 2
Bad parameters!
Input command: 
> 3 3
Bad parameters!
Input command: 
> 1 1
Bad parameters!
Input command: 
> 1 2
Bad parameters!
Input command: 
> 1 3
Bad parameters!
Input command: 
> 2 1
Bad parameters!
Input command: 
> 2 2
Bad parameters!
Input command: 
> 2 3
Bad parameters!
Input command: 
> 3 1
Bad parameters!
Input command: 
> 3 2
Bad parameters!
Input command: 
> 3 3
Bad parameters!
Input command: 
> 1 1
Bad parameters!
Input command: 
> 1 2
Bad parameters!
Input command: 
> 1 3
Bad parameters!
Input command: 
> 2 1
Bad parameters!
Input command: 
> 2 2
Bad parameters!
Input command: 
> 2 3
Bad parameters!
Input command: 
> 3 1
Bad parameters!
Input command: 
> 3 2
Bad parameters!
Input command: 
> 3 3
Bad parameters!
Input command: 
> 1 1
Bad parameters!
Input command: 
> 1 2
Bad parameters!
Input command: 
> 1 3
Bad parameters!
Input command: 
> 2 1
Bad parameters!
Input command: 
> 2 2
Bad parameters!
Input command: 
> 2 3
Bad parameters!
Input command: 
> 3 1
Bad parameters!
Input command: 
> 3 2
Bad parameters!
Input command: 
> 3 3
Bad parameters!
Input command: 
> 1 1
Bad parameters!
Input command: 
> 1 2
Bad parameters!
Input command: 
> 1 3
Bad parameters!
Input command: 
> 2 1
Bad parameters!
Input command: 
> 2 2
Bad parameters!
Input command: 
> 2 3
Bad parameters!
Input command: 
> 3 1
Bad parameters!
Input command: 
> 3 2
Bad parameters!
Input command: 
> 3 3
Bad parameters!
Input command: 
> 1 1
Bad parameters!
Input command: 
> 1 2
Bad parameters!
Input command: 
> 1 3
Bad parameters!
Input command: 
> 2 1
Bad parameters!
Input command: 
> 2 2
Bad parameters!
Input command: 
> 2 3
Bad parameters!
Input command: 
> 3 1
Bad parameters!
Input command: 
> 3 2
Bad parameters!
Input command: 
> 3 3
Bad parameters!
Input command: 
> 1 1
Bad parameters!
Input command: 
> 1 2
Bad parameters!
Input command: 
> exit
?[1;31m
Start test 4?[0m
Input command: 
> start medium user
---------
|       |
|       |
|       |
---------
Making move level "medium"
---------
|       |
|   X   |
|       |
---------
Enter the coordinates: > 4 3
Coordinates should be from 1 to 3!
Enter the coordinates: > 2 1
---------
|       |
|   X   |
|   O   |
---------
Making move level "medium"
---------
|       |
|   X   |
| X O   |
---------
Enter the coordinates: > 2 2
This cell is occupied! Choose another one!
Enter the coordinates: > 2 3
---------
|   O   |
|   X   |
| X O   |
---------
Making move level "medium"
---------
|   O X |
|   X   |
| X O   |
---------
X wins
Input command: 
> 3 1
Bad parameters!
Input command: 
> 3 2
Bad parameters!
Input command: 
> 3 3
Bad parameters!
Input command: 
> 1 1
Bad parameters!
Input command: 
> 1 2
Bad parameters!
Input command: 
> 1 3
Bad parameters!
Input command: 
> 4 3
Bad parameters!
Input command: 
> 2 1
Bad parameters!
Input command: 
> 2 2
Bad parameters!
Input command: 
> 2 3
Bad parameters!
Input command: 
> 3 1
Bad parameters!
Input command: 
> 3 2
Bad parameters!
Input command: 
> 3 3
Bad parameters!
Input command: 
> 1 1
Bad parameters!
Input command: 
> 1 2
Bad parameters!
Input command: 
> 1 3
Bad parameters!
Input command: 
> 4 3
Bad parameters!
Input command: 
> 2 1
Bad parameters!
Input command: 
> 2 2
Bad parameters!
Input command: 
> 2 3
Bad parameters!
Input command: 
> 3 1
Bad parameters!
Input command: 
> 3 2
Bad parameters!
Input command: 
> 3 3
Bad parameters!
Input command: 
> 1 1
Bad parameters!
Input command: 
> 1 2
Bad parameters!
Input command: 
> 1 3
Bad parameters!
Input command: 
> 4 3
Bad parameters!
Input command: 
> 2 1
Bad parameters!
Input command: 
> 2 2
Bad parameters!
Input command: 
> 2 3
Bad parameters!
Input command: 
> 3 1
Bad parameters!
Input command: 
> 3 2
Bad parameters!
Input command: 
> 3 3
Bad parameters!
Input command: 
> 1 1
Bad parameters!
Input command: 
> 1 2
Bad parameters!
Input command: 
> 1 3
Bad parameters!
Input command: 
> 4 3
Bad parameters!
Input command: 
> 2 1
Bad parameters!
Input command: 
> 2 2
Bad parameters!
Input command: 
> 2 3
Bad parameters!
Input command: 
> 3 1
Bad parameters!
Input command: 
> 3 2
Bad parameters!
Input command: 
> 3 3
Bad parameters!
Input command: 
> 1 1
Bad parameters!
Input command: 
> 1 2
Bad parameters!
Input command: 
> 1 3
Bad parameters!
Input command: 
> 4 3
Bad parameters!
Input command: 
> 2 1
Bad parameters!
Input command: 
> 2 2
Bad parameters!
Input command: 
> 2 3
Bad parameters!
Input command: 
> 3 1
Bad parameters!
Input command: 
> 3 2
Bad parameters!
Input command: 
> 3 3
Bad parameters!
Input command: 
> 1 1
Bad parameters!
Input command: 
> 1 2
Bad parameters!
Input command: 
> 1 3
Bad parameters!
Input command: 
> 4 3
Bad parameters!
Input command: 
> 2 1
Bad parameters!
Input command: 
> 2 2
Bad parameters!
Input command: 
> 2 3
Bad parameters!
Input command: 
> 3 1
Bad parameters!
Input command: 
> 3 2
Bad parameters!
Input command: 
> 3 3
Bad parameters!
Input command: 
> 1 1
Bad parameters!
Input command: 
> 1 2
Bad parameters!
Input command: 
> 1 3
Bad parameters!
Input command: 
> 4 3
Bad parameters!
Input command: 
> 2 1
Bad parameters!
Input command: 
> 2 2
Bad parameters!
Input command: 
> 2 3
Bad parameters!
Input command: 
> 3 1
Bad parameters!
Input command: 
> 3 2
Bad parameters!
Input command: 
> 3 3
Bad parameters!
Input command: 
> 1 1
Bad parameters!
Input command: 
> 1 2
Bad parameters!
Input command: 
> 1 3
Bad parameters!
Input command: 
> 4 3
Bad parameters!
Input command: 
> 2 1
Bad parameters!
Input command: 
> 2 2
Bad parameters!
Input command: 
> 2 3
Bad parameters!
Input command: 
> 3 1
Bad parameters!
Input command: 
> 3 2
Bad parameters!
Input command: 
> 3 3
Bad parameters!
Input command: 
> 1 1
Bad parameters!
Input command: 
> 1 2
Bad parameters!
Input command: 
> 1 3
Bad parameters!
Input command: 
> exit
?[1;31m
Start test 5?[0m
Input command: 
> start user hard
---------
|       |
|       |
|       |
---------
Enter the coordinates: > 2 2
---------
|       |
|   X   |
|       |
---------
Score for position 1 = 0
Score for position 2 = -10
Score for position 3 = 0
Score for position 4 = -10
Score for position 5 = -10
Score for position 6 = 0
Score for position 7 = -10
Score for position 8 = 0
---------
|       |
|   X   |
|     O |
---------
Enter the coordinates: > 2 3
---------
|   X   |
|   X   |
|     O |
---------
Score for position 1 = -10
Score for position 2 = -10
Score for position 3 = -10
Score for position 4 = -10
Score for position 5 = -10
Score for position 6 = 0
---------
|   X   |
|   X   |
|   O O |
---------
Enter the coordinates: > 3 1
This cell is occupied! Choose another one!
Enter the coordinates: > 3 2
---------
|   X   |
|   X X |
|   O O |
---------
Score for position 1 = -10
Score for position 2 = -10
Score for position 3 = 0
Score for position 4 = 10
---------
|   X   |
|   X X |
| O O O |
---------
O wins
Input command: 
> 3 3
Bad parameters!
Input command: 
> 1 1
Bad parameters!
Input command: 
> 1 2
Bad parameters!
Input command: 
> 1 3
Bad parameters!
Input command: 
> 2 1
Bad parameters!
Input command: 
> 2 2
Bad parameters!
Input command: 
> 2 3
Bad parameters!
Input command: 
> 3 1
Bad parameters!
Input command: 
> 3 2
Bad parameters!
Input command: 
> 3 3
Bad parameters!
Input command: 
> 1 1
Bad parameters!
Input command: 
> 1 2
Bad parameters!
Input command: 
> 1 3
Bad parameters!
Input command: 
> 2 1
Bad parameters!
Input command: 
> 2 2
Bad parameters!
Input command: 
> 2 3
Bad parameters!
Input command: 
> 3 1
Bad parameters!
Input command: 
> 3 2
Bad parameters!
Input command: 
> 3 3
Bad parameters!
Input command: 
> 1 1
Bad parameters!
Input command: 
> 1 2
Bad parameters!
Input command: 
> 1 3
Bad parameters!
Input command: 
> 2 1
Bad parameters!
Input command: 
> 2 2
Bad parameters!
Input command: 
> 2 3
Bad parameters!
Input command: 
> 3 1
Bad parameters!
Input command: 
> 3 2
Bad parameters!
Input command: 
> 3 3
Bad parameters!
Input command: 
> 1 1
Bad parameters!
Input command: 
> 1 2
Bad parameters!
Input command: 
> 1 3
Bad parameters!
Input command: 
> 2 1
Bad parameters!
Input command: 
> 2 2
Bad parameters!
Input command: 
> 2 3
Bad parameters!
Input command: 
> 3 1
Bad parameters!
Input command: 
> 3 2
Bad parameters!
Input command: 
> 3 3
Bad parameters!
Input command: 
> 1 1
Bad parameters!
Input command: 
> 1 2
Bad parameters!
Input command: 
> 1 3
Bad parameters!
Input command: 
> 2 1
Bad parameters!
Input command: 
> 2 2
Bad parameters!
Input command: 
> 2 3
Bad parameters!
Input command: 
> 3 1
Bad parameters!
Input command: 
> 3 2
Bad parameters!
Input command: 
> 3 3
Bad parameters!
Input command: 
> 1 1
Bad parameters!
Input command: 
> 1 2
Bad parameters!
Input command: 
> 1 3
Bad parameters!
Input command: 
> 2 1
Bad parameters!
Input command: 
> 2 2
Bad parameters!
Input command: 
> 2 3
Bad parameters!
Input command: 
> 3 1
Bad parameters!
Input command: 
> 3 2
Bad parameters!
Input command: 
> 3 3
Bad parameters!
Input command: 
> 1 1
Bad parameters!
Input command: 
> 1 2
Bad parameters!
Input command: 
> 1 3
Bad parameters!
Input command: 
> 2 1
Bad parameters!
Input command: 
> 2 2
Bad parameters!
Input command: 
> 2 3
Bad parameters!
Input command: 
> 3 1
Bad parameters!
Input command: 
> 3 2
Bad parameters!
Input command: 
> 3 3
Bad parameters!
Input command: 
> 1 1
Bad parameters!
Input command: 
> 1 2
Bad parameters!
Input command: 
> 1 3
Bad parameters!
Input command: 
> 2 1
Bad parameters!
Input command: 
> 2 2
Bad parameters!
Input command: 
> 2 3
Bad parameters!
Input command: 
> 3 1
Bad parameters!
Input command: 
> 3 2
Bad parameters!
Input command: 
> 3 3
Bad parameters!
Input command: 
> 1 1
Bad parameters!
Input command: 
> 1 2
Bad parameters!
Input command: 
> 1 3
Bad parameters!
Input command: 
> 2 1
Bad parameters!
Input command: 
> exit
?[1;31m
Start test 6?[0m
Input command: 
> start hard user
---------
|       |
|       |
|       |
---------
Score for position 1 = 0
Score for position 2 = 0
Score for position 3 = 0
Score for position 4 = 0
Score for position 5 = 0
Score for position 6 = 0
Score for position 7 = 0
Score for position 8 = 0
Score for position 9 = 0
---------
|       |
|       |
|     X |
---------
Enter the coordinates: > 4 5
Coordinates should be from 1 to 3!
Enter the coordinates: > 2 3
---------
|   O   |
|       |
|     X |
---------
Score for position 1 = 0
Score for position 2 = 10
---------
|   O X |
|       |
|     X |
---------
Enter the coordinates: > 3 1
This cell is occupied! Choose another one!
Enter the coordinates: > 3 2
---------
|   O X |
|     O |
|     X |
---------
Score for position 1 = -10
Score for position 2 = 0
Score for position 3 = 10
---------
|   O X |
|   X O |
|     X |
---------
Enter the coordinates: > 3 3
This cell is occupied! Choose another one!
Enter the coordinates: > 1 1
---------
|   O X |
|   X O |
| O   X |
---------
Score for position 1 = 10
---------
| X O X |
|   X O |
| O   X |
---------
X wins
Input command: 
> 1 2
Bad parameters!
Input command: 
> 1 3
Bad parameters!
Input command: 
> 2 1
Bad parameters!
Input command: 
> 2 2
Bad parameters!
Input command: 
> 4 5
Bad parameters!
Input command: 
> 2 3
Bad parameters!
Input command: 
> 3 1
Bad parameters!
Input command: 
> 3 2
Bad parameters!
Input command: 
> 3 3
Bad parameters!
Input command: 
> 1 1
Bad parameters!
Input command: 
> 1 2
Bad parameters!
Input command: 
> 1 3
Bad parameters!
Input command: 
> 2 1
Bad parameters!
Input command: 
> 2 2
Bad parameters!
Input command: 
> 4 5
Bad parameters!
Input command: 
> 2 3
Bad parameters!
Input command: 
> 3 1
Bad parameters!
Input command: 
> 3 2
Bad parameters!
Input command: 
> 3 3
Bad parameters!
Input command: 
> 1 1
Bad parameters!
Input command: 
> 1 2
Bad parameters!
Input command: 
> 1 3
Bad parameters!
Input command: 
> 2 1
Bad parameters!
Input command: 
> 2 2
Bad parameters!
Input command: 
> 4 5
Bad parameters!
Input command: 
> 2 3
Bad parameters!
Input command: 
> 3 1
Bad parameters!
Input command: 
> 3 2
Bad parameters!
Input command: 
> 3 3
Bad parameters!
Input command: 
> 1 1
Bad parameters!
Input command: 
> 1 2
Bad parameters!
Input command: 
> 1 3
Bad parameters!
Input command: 
> 2 1
Bad parameters!
Input command: 
> 2 2
Bad parameters!
Input command: 
> 4 5
Bad parameters!
Input command: 
> 2 3
Bad parameters!
Input command: 
> 3 1
Bad parameters!
Input command: 
> 3 2
Bad parameters!
Input command: 
> 3 3
Bad parameters!
Input command: 
> 1 1
Bad parameters!
Input command: 
> 1 2
Bad parameters!
Input command: 
> 1 3
Bad parameters!
Input command: 
> 2 1
Bad parameters!
Input command: 
> 2 2
Bad parameters!
Input command: 
> 4 5
Bad parameters!
Input command: 
> 2 3
Bad parameters!
Input command: 
> 3 1
Bad parameters!
Input command: 
> 3 2
Bad parameters!
Input command: 
> 3 3
Bad parameters!
Input command: 
> 1 1
Bad parameters!
Input command: 
> 1 2
Bad parameters!
Input command: 
> 1 3
Bad parameters!
Input command: 
> 2 1
Bad parameters!
Input command: 
> 2 2
Bad parameters!
Input command: 
> 4 5
Bad parameters!
Input command: 
> 2 3
Bad parameters!
Input command: 
> 3 1
Bad parameters!
Input command: 
> 3 2
Bad parameters!
Input command: 
> 3 3
Bad parameters!
Input command: 
> 1 1
Bad parameters!
Input command: 
> 1 2
Bad parameters!
Input command: 
> 1 3
Bad parameters!
Input command: 
> 2 1
Bad parameters!
Input command: 
> 2 2
Bad parameters!
Input command: 
> 4 5
Bad parameters!
Input command: 
> 2 3
Bad parameters!
Input command: 
> 3 1
Bad parameters!
Input command: 
> 3 2
Bad parameters!
Input command: 
> 3 3
Bad parameters!
Input command: 
> 1 1
Bad parameters!
Input command: 
> 1 2
Bad parameters!
Input command: 
> 1 3
Bad parameters!
Input command: 
> 2 1
Bad parameters!
Input command: 
> 2 2
Bad parameters!
Input command: 
> 4 5
Bad parameters!
Input command: 
> 2 3
Bad parameters!
Input command: 
> 3 1
Bad parameters!
Input command: 
> 3 2
Bad parameters!
Input command: 
> 3 3
Bad parameters!
Input command: 
> 1 1
Bad parameters!
Input command: 
> 1 2
Bad parameters!
Input command: 
> 1 3
Bad parameters!
Input command: 
> 2 1
Bad parameters!
Input command: 
> 2 2
Bad parameters!
Input command: 
> exit
]]></system-out>
  <system-err><![CDATA[]]></system-err>
</testsuite>
